<?xml version="1.0" encoding="UTF-8"?>
<testng-results ignored="0" total="1" passed="1" failed="0" skipped="0">
  <reporter-output>
  </reporter-output>
  <suite started-at="2022-11-30T10:47:24 IST" name="Default suite" finished-at="2022-11-30T10:47:47 IST" duration-ms="22413">
    <groups>
    </groups>
    <test started-at="2022-11-30T10:47:24 IST" name="Default test" finished-at="2022-11-30T10:47:47 IST" duration-ms="22413">
      <class name="Finding_Brokenlinks">
        <test-method is-config="true" signature="loadBrowser()[pri:0, instance:Finding_Brokenlinks@3cebbb30]" started-at="2022-11-30T10:47:24 IST" name="loadBrowser" finished-at="2022-11-30T10:47:31 IST" duration-ms="6900" status="PASS">
          <reporter-output>
          </reporter-output>
        </test-method> <!-- loadBrowser -->
        <test-method signature="findBrokenLinks()[pri:0, instance:Finding_Brokenlinks@3cebbb30]" started-at="2022-11-30T10:47:31 IST" name="findBrokenLinks" finished-at="2022-11-30T10:47:47 IST" duration-ms="15357" status="PASS">
          <reporter-output>
          </reporter-output>
        </test-method> <!-- findBrokenLinks -->
      </class> <!-- Finding_Brokenlinks -->
    </test> <!-- Default test -->
  </suite> <!-- Default suite -->
</testng-results>
