<?xml version="1.0" encoding="UTF-8"?>
<testng-results ignored="0" total="1" passed="1" failed="0" skipped="0">
  <reporter-output>
  </reporter-output>
  <suite started-at="2022-11-25T14:04:24 IST" name="Default suite" finished-at="2022-11-25T14:04:54 IST" duration-ms="30113">
    <groups>
      <group name="Regression">
        <method signature="LoginPageTest.AdminSignIn(java.lang.String,java.lang.String)[pri:0, instance:AvactisTestCases.LoginPageTest@741b3bc3]" name="AdminSignIn" class="AvactisTestCases.LoginPageTest"/>
      </group> <!-- Regression -->
      <group name="Smoke">
        <method signature="LoginPageTest.AdminSignIn(java.lang.String,java.lang.String)[pri:0, instance:AvactisTestCases.LoginPageTest@741b3bc3]" name="AdminSignIn" class="AvactisTestCases.LoginPageTest"/>
      </group> <!-- Smoke -->
    </groups>
    <test started-at="2022-11-25T14:04:24 IST" name="Default test" finished-at="2022-11-25T14:04:54 IST" duration-ms="30113">
      <class name="AvactisTestCases.LoginPageTest">
        <test-method is-config="true" signature="loadBrowser()[pri:0, instance:AvactisTestCases.LoginPageTest@741b3bc3]" started-at="2022-11-25T14:04:24 IST" name="loadBrowser" finished-at="2022-11-25T14:04:28 IST" duration-ms="4364" status="PASS">
          <reporter-output>
          </reporter-output>
        </test-method> <!-- loadBrowser -->
        <test-method signature="AdminSignIn(java.lang.String,java.lang.String)[pri:0, instance:AvactisTestCases.LoginPageTest@741b3bc3]" started-at="2022-11-25T14:04:29 IST" name="AdminSignIn" data-provider="credentials" finished-at="2022-11-25T14:04:54 IST" duration-ms="24681" status="PASS">
          <params>
            <param index="0">
              <value>
                <![CDATA[jeevankumarj25@gmail.com]]>
              </value>
            </param>
            <param index="1">
              <value>
                <![CDATA[Jeevan@123]]>
              </value>
            </param>
          </params>
          <reporter-output>
          </reporter-output>
        </test-method> <!-- AdminSignIn -->
      </class> <!-- AvactisTestCases.LoginPageTest -->
    </test> <!-- Default test -->
  </suite> <!-- Default suite -->
</testng-results>
